<?xml version="1.0" encoding="UTF-8"?>
<coverage generated="1706261340230" clover="3.2.0">
  <project timestamp="1706261340230" name="All files">
    <metrics statements="29" coveredstatements="28" conditionals="2" coveredconditionals="1" methods="5" coveredmethods="5" elements="36" coveredelements="34" complexity="0" loc="29" ncloc="29" packages="3" files="3" classes="3"/>
    <package name="app">
      <metrics statements="11" coveredstatements="11" conditionals="0" coveredconditionals="0" methods="2" coveredmethods="2"/>
      <file name="api.js" path="/home/florian/cesi/maalsi22/totalcloud/frontale/backend/srv_mail/app/api.js">
        <metrics statements="11" coveredstatements="11" conditionals="0" coveredconditionals="0" methods="2" coveredmethods="2"/>
        <line num="2" count="2" type="stmt"/>
        <line num="3" count="2" type="stmt"/>
        <line num="6" count="2" type="stmt"/>
        <line num="8" count="2" type="stmt"/>
        <line num="14" count="2" type="stmt"/>
        <line num="15" count="2" type="stmt"/>
        <line num="18" count="2" type="stmt"/>
        <line num="21" count="2" type="stmt"/>
        <line num="23" count="2" type="stmt"/>
        <line num="25" count="2" type="stmt"/>
        <line num="28" count="2" type="stmt"/>
      </file>
    </package>
    <package name="app.controller">
      <metrics statements="9" coveredstatements="8" conditionals="2" coveredconditionals="1" methods="2" coveredmethods="2"/>
      <file name="mail.js" path="/home/florian/cesi/maalsi22/totalcloud/frontale/backend/srv_mail/app/controller/mail.js">
        <metrics statements="9" coveredstatements="8" conditionals="2" coveredconditionals="1" methods="2" coveredmethods="2"/>
        <line num="2" count="2" type="stmt"/>
        <line num="5" count="2" type="stmt"/>
        <line num="14" count="2" type="stmt"/>
        <line num="15" count="1" type="stmt"/>
        <line num="16" count="1" type="stmt"/>
        <line num="24" count="1" type="stmt"/>
        <line num="25" count="1" type="cond" truecount="1" falsecount="1"/>
        <line num="26" count="0" type="stmt"/>
        <line num="28" count="1" type="stmt"/>
      </file>
    </package>
    <package name="app.routes">
      <metrics statements="9" coveredstatements="9" conditionals="0" coveredconditionals="0" methods="1" coveredmethods="1"/>
      <file name="mail.js" path="/home/florian/cesi/maalsi22/totalcloud/frontale/backend/srv_mail/app/routes/mail.js">
        <metrics statements="9" coveredstatements="9" conditionals="0" coveredconditionals="0" methods="1" coveredmethods="1"/>
        <line num="2" count="2" type="stmt"/>
        <line num="3" count="2" type="stmt"/>
        <line num="5" count="2" type="stmt"/>
        <line num="8" count="2" type="stmt"/>
        <line num="9" count="1" type="stmt"/>
        <line num="10" count="1" type="stmt"/>
        <line num="11" count="1" type="stmt"/>
        <line num="14" count="2" type="stmt"/>
        <line num="17" count="2" type="stmt"/>
      </file>
    </package>
  </project>
</coverage>
