{"/home/florian/cesi/maalsi22/totalcloud/frontale/backend/srv_mail/app/api.js": {"path":"/home/florian/cesi/maalsi22/totalcloud/frontale/backend/srv_mail/app/api.js","statementMap":{"0":{"start":{"line":2,"column":16},"end":{"line":2,"column":34}},"1":{"start":{"line":3,"column":13},"end":{"line":3,"column":28}},"2":{"start":{"line":6,"column":12},"end":{"line":6,"column":21}},"3":{"start":{"line":8,"column":0},"end":{"line":12,"column":3}},"4":{"start":{"line":14,"column":0},"end":{"line":14,"column":23}},"5":{"start":{"line":15,"column":0},"end":{"line":15,"column":46}},"6":{"start":{"line":18,"column":20},"end":{"line":18,"column":44}},"7":{"start":{"line":21,"column":0},"end":{"line":21,"column":71}},"8":{"start":{"line":21,"column":27},"end":{"line":21,"column":70}},"9":{"start":{"line":23,"column":0},"end":{"line":23,"column":29}},"10":{"start":{"line":25,"column":0},"end":{"line":25,"column":83}},"11":{"start":{"line":25,"column":27},"end":{"line":25,"column":82}},"12":{"start":{"line":28,"column":0},"end":{"line":28,"column":20}}},"fnMap":{"0":{"name":"(anonymous_0)","decl":{"start":{"line":21,"column":13},"end":{"line":21,"column":14}},"loc":{"start":{"line":21,"column":27},"end":{"line":21,"column":70}},"line":21},"1":{"name":"(anonymous_1)","decl":{"start":{"line":25,"column":13},"end":{"line":25,"column":14}},"loc":{"start":{"line":25,"column":27},"end":{"line":25,"column":82}},"line":25}},"branchMap":{},"s":{"0":2,"1":2,"2":2,"3":2,"4":2,"5":2,"6":2,"7":2,"8":1,"9":2,"10":2,"11":2,"12":2},"f":{"0":1,"1":2},"b":{},"_coverageSchema":"1a1c01bbd47fc00a2c39e90264f33305004495a9","hash":"fcb91f6ad110538c3cb0208e6b20b221a5cb3af8"}
,"/home/florian/cesi/maalsi22/totalcloud/frontale/backend/srv_mail/app/controller/mail.js": {"path":"/home/florian/cesi/maalsi22/totalcloud/frontale/backend/srv_mail/app/controller/mail.js","statementMap":{"0":{"start":{"line":2,"column":19},"end":{"line":2,"column":40}},"1":{"start":{"line":5,"column":20},"end":{"line":12,"column":2}},"2":{"start":{"line":14,"column":0},"end":{"line":30,"column":1}},"3":{"start":{"line":15,"column":36},"end":{"line":15,"column":44}},"4":{"start":{"line":16,"column":21},"end":{"line":22,"column":5}},"5":{"start":{"line":24,"column":4},"end":{"line":29,"column":7}},"6":{"start":{"line":25,"column":8},"end":{"line":27,"column":9}},"7":{"start":{"line":26,"column":12},"end":{"line":26,"column":73}},"8":{"start":{"line":28,"column":8},"end":{"line":28,"column":83}}},"fnMap":{"0":{"name":"(anonymous_0)","decl":{"start":{"line":14,"column":19},"end":{"line":14,"column":20}},"loc":{"start":{"line":14,"column":33},"end":{"line":30,"column":1}},"line":14},"1":{"name":"(anonymous_1)","decl":{"start":{"line":24,"column":35},"end":{"line":24,"column":36}},"loc":{"start":{"line":24,"column":52},"end":{"line":29,"column":5}},"line":24}},"branchMap":{"0":{"loc":{"start":{"line":25,"column":8},"end":{"line":27,"column":9}},"type":"if","locations":[{"start":{"line":25,"column":8},"end":{"line":27,"column":9}},{"start":{},"end":{}}],"line":25}},"s":{"0":2,"1":2,"2":2,"3":1,"4":1,"5":1,"6":1,"7":0,"8":1},"f":{"0":1,"1":1},"b":{"0":[0,1]},"_coverageSchema":"1a1c01bbd47fc00a2c39e90264f33305004495a9","hash":"a2294cf39ba2e516c372373b6ed5c02af25d8469"}
,"/home/florian/cesi/maalsi22/totalcloud/frontale/backend/srv_mail/app/routes/mail.js": {"path":"/home/florian/cesi/maalsi22/totalcloud/frontale/backend/srv_mail/app/routes/mail.js","statementMap":{"0":{"start":{"line":2,"column":16},"end":{"line":2,"column":34}},"1":{"start":{"line":3,"column":13},"end":{"line":3,"column":29}},"2":{"start":{"line":5,"column":17},"end":{"line":5,"column":46}},"3":{"start":{"line":8,"column":0},"end":{"line":12,"column":2}},"4":{"start":{"line":9,"column":18},"end":{"line":9,"column":28}},"5":{"start":{"line":10,"column":4},"end":{"line":10,"column":47}},"6":{"start":{"line":11,"column":4},"end":{"line":11,"column":10}},"7":{"start":{"line":14,"column":0},"end":{"line":14,"column":35}},"8":{"start":{"line":17,"column":0},"end":{"line":17,"column":23}}},"fnMap":{"0":{"name":"(anonymous_0)","decl":{"start":{"line":8,"column":12},"end":{"line":8,"column":13}},"loc":{"start":{"line":8,"column":32},"end":{"line":12,"column":1}},"line":8}},"branchMap":{},"s":{"0":2,"1":2,"2":2,"3":2,"4":1,"5":1,"6":1,"7":2,"8":2},"f":{"0":1},"b":{},"_coverageSchema":"1a1c01bbd47fc00a2c39e90264f33305004495a9","hash":"7c95159b9e0149385df43248215bde2ac7d88b1e"}
}
