TN:
SF:app/api.js
FN:21,(anonymous_0)
FN:25,(anonymous_1)
FNF:2
FNH:2
FNDA:1,(anonymous_0)
FNDA:2,(anonymous_1)
DA:2,2
DA:3,2
DA:6,2
DA:8,2
DA:14,2
DA:15,2
DA:18,2
DA:21,2
DA:23,2
DA:25,2
DA:28,2
LF:11
LH:11
BRF:0
BRH:0
end_of_record
TN:
SF:app/controller/mail.js
FN:14,(anonymous_0)
FN:24,(anonymous_1)
FNF:2
FNH:2
FNDA:1,(anonymous_0)
FNDA:1,(anonymous_1)
DA:2,2
DA:5,2
DA:14,2
DA:15,1
DA:16,1
DA:24,1
DA:25,1
DA:26,0
DA:28,1
LF:9
LH:8
BRDA:25,0,0,0
BRDA:25,0,1,1
BRF:2
BRH:1
end_of_record
TN:
SF:app/routes/mail.js
FN:8,(anonymous_0)
FNF:1
FNH:1
FNDA:1,(anonymous_0)
DA:2,2
DA:3,2
DA:5,2
DA:8,2
DA:9,1
DA:10,1
DA:11,1
DA:14,2
DA:17,2
LF:9
LH:9
BRF:0
BRH:0
end_of_record
