{"/home/florian/cesi/maalsi22/totalcloud/frontale/backend/srv_auth/app/api.js": {"path":"/home/florian/cesi/maalsi22/totalcloud/frontale/backend/srv_auth/app/api.js","statementMap":{"0":{"start":{"line":2,"column":16},"end":{"line":2,"column":34}},"1":{"start":{"line":3,"column":13},"end":{"line":3,"column":28}},"2":{"start":{"line":6,"column":12},"end":{"line":6,"column":21}},"3":{"start":{"line":8,"column":0},"end":{"line":12,"column":3}},"4":{"start":{"line":14,"column":0},"end":{"line":14,"column":23}},"5":{"start":{"line":15,"column":0},"end":{"line":15,"column":46}},"6":{"start":{"line":18,"column":20},"end":{"line":18,"column":44}},"7":{"start":{"line":21,"column":0},"end":{"line":21,"column":71}},"8":{"start":{"line":21,"column":27},"end":{"line":21,"column":70}},"9":{"start":{"line":23,"column":0},"end":{"line":23,"column":29}},"10":{"start":{"line":25,"column":0},"end":{"line":25,"column":83}},"11":{"start":{"line":25,"column":27},"end":{"line":25,"column":82}},"12":{"start":{"line":28,"column":0},"end":{"line":28,"column":20}}},"fnMap":{"0":{"name":"(anonymous_0)","decl":{"start":{"line":21,"column":13},"end":{"line":21,"column":14}},"loc":{"start":{"line":21,"column":27},"end":{"line":21,"column":70}},"line":21},"1":{"name":"(anonymous_1)","decl":{"start":{"line":25,"column":13},"end":{"line":25,"column":14}},"loc":{"start":{"line":25,"column":27},"end":{"line":25,"column":82}},"line":25}},"branchMap":{},"s":{"0":2,"1":2,"2":2,"3":2,"4":2,"5":2,"6":2,"7":2,"8":1,"9":2,"10":2,"11":2,"12":2},"f":{"0":1,"1":2},"b":{},"_coverageSchema":"1a1c01bbd47fc00a2c39e90264f33305004495a9","hash":"4abe3b0b200e6f699eeeea709a3359c9bca689c0"}
,"/home/florian/cesi/maalsi22/totalcloud/frontale/backend/srv_auth/app/db.config.js": {"path":"/home/florian/cesi/maalsi22/totalcloud/frontale/backend/srv_auth/app/db.config.js","statementMap":{"0":{"start":{"line":3,"column":22},"end":{"line":3,"column":42}},"1":{"start":{"line":7,"column":16},"end":{"line":14,"column":1}},"2":{"start":{"line":17,"column":11},"end":{"line":17,"column":13}},"3":{"start":{"line":19,"column":0},"end":{"line":19,"column":24}},"4":{"start":{"line":20,"column":0},"end":{"line":20,"column":45}},"5":{"start":{"line":30,"column":0},"end":{"line":30,"column":19}}},"fnMap":{},"branchMap":{},"s":{"0":2,"1":2,"2":2,"3":2,"4":2,"5":2},"f":{},"b":{},"_coverageSchema":"1a1c01bbd47fc00a2c39e90264f33305004495a9","hash":"09198f41a7435c1cfbf408a184aee5b57c624133"}
,"/home/florian/cesi/maalsi22/totalcloud/frontale/backend/srv_auth/app/controllers/auth.js": {"path":"/home/florian/cesi/maalsi22/totalcloud/frontale/backend/srv_auth/app/controllers/auth.js","statementMap":{"0":{"start":{"line":3,"column":12},"end":{"line":3,"column":35}},"1":{"start":{"line":5,"column":11},"end":{"line":5,"column":34}},"2":{"start":{"line":6,"column":13},"end":{"line":6,"column":20}},"3":{"start":{"line":11,"column":0},"end":{"line":47,"column":1}},"4":{"start":{"line":12,"column":32},"end":{"line":12,"column":40}},"5":{"start":{"line":15,"column":4},"end":{"line":17,"column":5}},"6":{"start":{"line":16,"column":8},"end":{"line":16,"column":72}},"7":{"start":{"line":19,"column":4},"end":{"line":46,"column":5}},"8":{"start":{"line":21,"column":19},"end":{"line":21,"column":74}},"9":{"start":{"line":22,"column":8},"end":{"line":24,"column":9}},"10":{"start":{"line":23,"column":12},"end":{"line":23,"column":76}},"11":{"start":{"line":27,"column":19},"end":{"line":27,"column":68}},"12":{"start":{"line":28,"column":8},"end":{"line":30,"column":9}},"13":{"start":{"line":29,"column":12},"end":{"line":29,"column":76}},"14":{"start":{"line":33,"column":22},"end":{"line":38,"column":72}},"15":{"start":{"line":40,"column":8},"end":{"line":40,"column":46}},"16":{"start":{"line":42,"column":8},"end":{"line":44,"column":9}},"17":{"start":{"line":43,"column":12},"end":{"line":43,"column":75}},"18":{"start":{"line":45,"column":8},"end":{"line":45,"column":76}}},"fnMap":{"0":{"name":"(anonymous_0)","decl":{"start":{"line":11,"column":16},"end":{"line":11,"column":17}},"loc":{"start":{"line":11,"column":36},"end":{"line":47,"column":1}},"line":11}},"branchMap":{"0":{"loc":{"start":{"line":15,"column":4},"end":{"line":17,"column":5}},"type":"if","locations":[{"start":{"line":15,"column":4},"end":{"line":17,"column":5}},{"start":{},"end":{}}],"line":15},"1":{"loc":{"start":{"line":15,"column":7},"end":{"line":15,"column":26}},"type":"binary-expr","locations":[{"start":{"line":15,"column":7},"end":{"line":15,"column":13}},{"start":{"line":15,"column":17},"end":{"line":15,"column":26}}],"line":15},"2":{"loc":{"start":{"line":22,"column":8},"end":{"line":24,"column":9}},"type":"if","locations":[{"start":{"line":22,"column":8},"end":{"line":24,"column":9}},{"start":{},"end":{}}],"line":22},"3":{"loc":{"start":{"line":28,"column":8},"end":{"line":30,"column":9}},"type":"if","locations":[{"start":{"line":28,"column":8},"end":{"line":30,"column":9}},{"start":{},"end":{}}],"line":28},"4":{"loc":{"start":{"line":42,"column":8},"end":{"line":44,"column":9}},"type":"if","locations":[{"start":{"line":42,"column":8},"end":{"line":44,"column":9}},{"start":{},"end":{}}],"line":42}},"s":{"0":2,"1":2,"2":2,"3":2,"4":4,"5":4,"6":1,"7":3,"8":3,"9":3,"10":1,"11":2,"12":2,"13":1,"14":1,"15":1,"16":0,"17":0,"18":0},"f":{"0":4},"b":{"0":[1,3],"1":[4,4],"2":[1,2],"3":[1,1],"4":[0,0]},"_coverageSchema":"1a1c01bbd47fc00a2c39e90264f33305004495a9","hash":"c0e194837b830361581ef5157c862a29f72e246c"}
,"/home/florian/cesi/maalsi22/totalcloud/frontale/backend/srv_auth/app/models/user.js": {"path":"/home/florian/cesi/maalsi22/totalcloud/frontale/backend/srv_auth/app/models/user.js","statementMap":{"0":{"start":{"line":3,"column":22},"end":{"line":3,"column":42}},"1":{"start":{"line":4,"column":15},"end":{"line":4,"column":32}},"2":{"start":{"line":8,"column":0},"end":{"line":52,"column":1}},"3":{"start":{"line":9,"column":17},"end":{"line":40,"column":26}},"4":{"start":{"line":42,"column":4},"end":{"line":45,"column":6}},"5":{"start":{"line":43,"column":19},"end":{"line":43,"column":92}},"6":{"start":{"line":44,"column":8},"end":{"line":44,"column":28}},"7":{"start":{"line":47,"column":4},"end":{"line":49,"column":5}},"8":{"start":{"line":48,"column":8},"end":{"line":48,"column":55}},"9":{"start":{"line":51,"column":4},"end":{"line":51,"column":15}}},"fnMap":{"0":{"name":"(anonymous_0)","decl":{"start":{"line":8,"column":17},"end":{"line":8,"column":18}},"loc":{"start":{"line":8,"column":32},"end":{"line":52,"column":1}},"line":8},"1":{"name":"(anonymous_1)","decl":{"start":{"line":42,"column":23},"end":{"line":42,"column":24}},"loc":{"start":{"line":42,"column":48},"end":{"line":45,"column":5}},"line":42},"2":{"name":"(anonymous_2)","decl":{"start":{"line":47,"column":25},"end":{"line":47,"column":26}},"loc":{"start":{"line":47,"column":55},"end":{"line":49,"column":5}},"line":47}},"branchMap":{},"s":{"0":2,"1":2,"2":2,"3":2,"4":2,"5":0,"6":0,"7":2,"8":2,"9":2},"f":{"0":2,"1":0,"2":2},"b":{},"_coverageSchema":"1a1c01bbd47fc00a2c39e90264f33305004495a9","hash":"061e47fb723baba607896249dbc71a12df37d53b"}
,"/home/florian/cesi/maalsi22/totalcloud/frontale/backend/srv_auth/app/routes/auth.js": {"path":"/home/florian/cesi/maalsi22/totalcloud/frontale/backend/srv_auth/app/routes/auth.js","statementMap":{"0":{"start":{"line":3,"column":16},"end":{"line":3,"column":34}},"1":{"start":{"line":4,"column":17},"end":{"line":4,"column":47}},"2":{"start":{"line":8,"column":13},"end":{"line":8,"column":29}},"3":{"start":{"line":12,"column":0},"end":{"line":16,"column":2}},"4":{"start":{"line":13,"column":18},"end":{"line":13,"column":28}},"5":{"start":{"line":14,"column":4},"end":{"line":14,"column":47}},"6":{"start":{"line":15,"column":4},"end":{"line":15,"column":10}},"7":{"start":{"line":21,"column":0},"end":{"line":21,"column":37}},"8":{"start":{"line":23,"column":0},"end":{"line":23,"column":23}}},"fnMap":{"0":{"name":"(anonymous_0)","decl":{"start":{"line":12,"column":12},"end":{"line":12,"column":13}},"loc":{"start":{"line":12,"column":32},"end":{"line":16,"column":1}},"line":12}},"branchMap":{},"s":{"0":2,"1":2,"2":2,"3":2,"4":4,"5":4,"6":4,"7":2,"8":2},"f":{"0":4},"b":{},"_coverageSchema":"1a1c01bbd47fc00a2c39e90264f33305004495a9","hash":"f1bf90af765e58c34eb97cea782320d602ea088c"}
}
