TN:
SF:app/api.js
FN:21,(anonymous_0)
FN:25,(anonymous_1)
FNF:2
FNH:2
FNDA:1,(anonymous_0)
FNDA:2,(anonymous_1)
DA:2,2
DA:3,2
DA:6,2
DA:8,2
DA:14,2
DA:15,2
DA:18,2
DA:21,2
DA:23,2
DA:25,2
DA:28,2
LF:11
LH:11
BRF:0
BRH:0
end_of_record
TN:
SF:app/db.config.js
FNF:0
FNH:0
DA:3,2
DA:7,2
DA:17,2
DA:19,2
DA:20,2
DA:30,2
LF:6
LH:6
BRF:0
BRH:0
end_of_record
TN:
SF:app/controllers/auth.js
FN:11,(anonymous_0)
FNF:1
FNH:1
FNDA:4,(anonymous_0)
DA:3,2
DA:5,2
DA:6,2
DA:11,2
DA:12,4
DA:15,4
DA:16,1
DA:19,3
DA:21,3
DA:22,3
DA:23,1
DA:27,2
DA:28,2
DA:29,1
DA:33,1
DA:40,1
DA:42,0
DA:43,0
DA:45,0
LF:19
LH:16
BRDA:15,0,0,1
BRDA:15,0,1,3
BRDA:15,1,0,4
BRDA:15,1,1,4
BRDA:22,2,0,1
BRDA:22,2,1,2
BRDA:28,3,0,1
BRDA:28,3,1,1
BRDA:42,4,0,0
BRDA:42,4,1,0
BRF:10
BRH:8
end_of_record
TN:
SF:app/models/user.js
FN:8,(anonymous_0)
FN:42,(anonymous_1)
FN:47,(anonymous_2)
FNF:3
FNH:2
FNDA:2,(anonymous_0)
FNDA:0,(anonymous_1)
FNDA:2,(anonymous_2)
DA:3,2
DA:4,2
DA:8,2
DA:9,2
DA:42,2
DA:43,0
DA:44,0
DA:47,2
DA:48,2
DA:51,2
LF:10
LH:8
BRF:0
BRH:0
end_of_record
TN:
SF:app/routes/auth.js
FN:12,(anonymous_0)
FNF:1
FNH:1
FNDA:4,(anonymous_0)
DA:3,2
DA:4,2
DA:8,2
DA:12,2
DA:13,4
DA:14,4
DA:15,4
DA:21,2
DA:23,2
LF:9
LH:9
BRF:0
BRH:0
end_of_record
