{"/home/florian/cesi/maalsi22/totalcloud/frontale/backend/srv_data/app/api.js": {"path":"/home/florian/cesi/maalsi22/totalcloud/frontale/backend/srv_data/app/api.js","statementMap":{"0":{"start":{"line":2,"column":16},"end":{"line":2,"column":34}},"1":{"start":{"line":3,"column":13},"end":{"line":3,"column":28}},"2":{"start":{"line":6,"column":12},"end":{"line":6,"column":21}},"3":{"start":{"line":8,"column":0},"end":{"line":12,"column":3}},"4":{"start":{"line":14,"column":0},"end":{"line":14,"column":23}},"5":{"start":{"line":15,"column":0},"end":{"line":15,"column":46}},"6":{"start":{"line":18,"column":20},"end":{"line":18,"column":45}},"7":{"start":{"line":19,"column":24},"end":{"line":19,"column":53}},"8":{"start":{"line":22,"column":0},"end":{"line":22,"column":71}},"9":{"start":{"line":22,"column":27},"end":{"line":22,"column":70}},"10":{"start":{"line":24,"column":0},"end":{"line":24,"column":30}},"11":{"start":{"line":25,"column":0},"end":{"line":25,"column":38}},"12":{"start":{"line":27,"column":0},"end":{"line":27,"column":83}},"13":{"start":{"line":27,"column":27},"end":{"line":27,"column":82}},"14":{"start":{"line":30,"column":0},"end":{"line":30,"column":20}}},"fnMap":{"0":{"name":"(anonymous_0)","decl":{"start":{"line":22,"column":13},"end":{"line":22,"column":14}},"loc":{"start":{"line":22,"column":27},"end":{"line":22,"column":70}},"line":22},"1":{"name":"(anonymous_1)","decl":{"start":{"line":27,"column":13},"end":{"line":27,"column":14}},"loc":{"start":{"line":27,"column":27},"end":{"line":27,"column":82}},"line":27}},"branchMap":{},"s":{"0":3,"1":3,"2":3,"3":3,"4":3,"5":3,"6":3,"7":3,"8":3,"9":1,"10":3,"11":3,"12":3,"13":2,"14":3},"f":{"0":1,"1":2},"b":{},"_coverageSchema":"1a1c01bbd47fc00a2c39e90264f33305004495a9","hash":"565cddbc1629673814d2134473959a76e403aec4"}
,"/home/florian/cesi/maalsi22/totalcloud/frontale/backend/srv_data/app/db.config.js": {"path":"/home/florian/cesi/maalsi22/totalcloud/frontale/backend/srv_data/app/db.config.js","statementMap":{"0":{"start":{"line":3,"column":22},"end":{"line":3,"column":42}},"1":{"start":{"line":7,"column":16},"end":{"line":14,"column":1}},"2":{"start":{"line":17,"column":11},"end":{"line":17,"column":13}},"3":{"start":{"line":19,"column":0},"end":{"line":19,"column":24}},"4":{"start":{"line":20,"column":0},"end":{"line":20,"column":45}},"5":{"start":{"line":21,"column":0},"end":{"line":21,"column":53}},"6":{"start":{"line":23,"column":0},"end":{"line":23,"column":74}},"7":{"start":{"line":24,"column":0},"end":{"line":24,"column":55}},"8":{"start":{"line":34,"column":0},"end":{"line":34,"column":19}}},"fnMap":{},"branchMap":{},"s":{"0":3,"1":3,"2":3,"3":3,"4":3,"5":3,"6":3,"7":3,"8":3},"f":{},"b":{},"_coverageSchema":"1a1c01bbd47fc00a2c39e90264f33305004495a9","hash":"f1f200423b717953bb9d58188e56a46832d8fd11"}
,"/home/florian/cesi/maalsi22/totalcloud/frontale/backend/srv_data/app/controllers/cocktail.js": {"path":"/home/florian/cesi/maalsi22/totalcloud/frontale/backend/srv_data/app/controllers/cocktail.js","statementMap":{"0":{"start":{"line":3,"column":11},"end":{"line":3,"column":34}},"1":{"start":{"line":4,"column":17},"end":{"line":4,"column":28}},"2":{"start":{"line":5,"column":13},"end":{"line":5,"column":20}},"3":{"start":{"line":10,"column":0},"end":{"line":14,"column":1}},"4":{"start":{"line":11,"column":4},"end":{"line":13,"column":86}},"5":{"start":{"line":12,"column":27},"end":{"line":12,"column":56}},"6":{"start":{"line":13,"column":22},"end":{"line":13,"column":85}},"7":{"start":{"line":16,"column":0},"end":{"line":38,"column":1}},"8":{"start":{"line":17,"column":21},"end":{"line":17,"column":44}},"9":{"start":{"line":20,"column":4},"end":{"line":22,"column":5}},"10":{"start":{"line":21,"column":8},"end":{"line":21,"column":67}},"11":{"start":{"line":24,"column":4},"end":{"line":37,"column":5}},"12":{"start":{"line":26,"column":23},"end":{"line":26,"column":136}},"13":{"start":{"line":29,"column":8},"end":{"line":31,"column":9}},"14":{"start":{"line":30,"column":12},"end":{"line":30,"column":86}},"15":{"start":{"line":34,"column":8},"end":{"line":34,"column":43}},"16":{"start":{"line":36,"column":8},"end":{"line":36,"column":78}},"17":{"start":{"line":40,"column":0},"end":{"line":61,"column":1}},"18":{"start":{"line":41,"column":51},"end":{"line":41,"column":59}},"19":{"start":{"line":44,"column":4},"end":{"line":46,"column":5}},"20":{"start":{"line":45,"column":8},"end":{"line":45,"column":64}},"21":{"start":{"line":48,"column":4},"end":{"line":60,"column":5}},"22":{"start":{"line":50,"column":23},"end":{"line":50,"column":81}},"23":{"start":{"line":51,"column":8},"end":{"line":53,"column":9}},"24":{"start":{"line":52,"column":12},"end":{"line":52,"column":92}},"25":{"start":{"line":56,"column":8},"end":{"line":56,"column":50}},"26":{"start":{"line":57,"column":8},"end":{"line":57,"column":84}},"27":{"start":{"line":59,"column":8},"end":{"line":59,"column":78}},"28":{"start":{"line":63,"column":0},"end":{"line":84,"column":1}},"29":{"start":{"line":64,"column":21},"end":{"line":64,"column":44}},"30":{"start":{"line":67,"column":4},"end":{"line":69,"column":5}},"31":{"start":{"line":68,"column":8},"end":{"line":68,"column":69}},"32":{"start":{"line":71,"column":4},"end":{"line":83,"column":5}},"33":{"start":{"line":73,"column":23},"end":{"line":73,"column":87}},"34":{"start":{"line":74,"column":8},"end":{"line":76,"column":9}},"35":{"start":{"line":75,"column":12},"end":{"line":75,"column":86}},"36":{"start":{"line":79,"column":8},"end":{"line":79,"column":70}},"37":{"start":{"line":80,"column":8},"end":{"line":80,"column":56}},"38":{"start":{"line":82,"column":8},"end":{"line":82,"column":78}},"39":{"start":{"line":86,"column":0},"end":{"line":97,"column":1}},"40":{"start":{"line":87,"column":21},"end":{"line":87,"column":44}},"41":{"start":{"line":90,"column":4},"end":{"line":92,"column":5}},"42":{"start":{"line":91,"column":8},"end":{"line":91,"column":69}},"43":{"start":{"line":94,"column":4},"end":{"line":96,"column":86}},"44":{"start":{"line":95,"column":20},"end":{"line":95,"column":44}},"45":{"start":{"line":96,"column":22},"end":{"line":96,"column":85}},"46":{"start":{"line":99,"column":0},"end":{"line":111,"column":1}},"47":{"start":{"line":100,"column":21},"end":{"line":100,"column":44}},"48":{"start":{"line":103,"column":4},"end":{"line":105,"column":5}},"49":{"start":{"line":104,"column":8},"end":{"line":104,"column":69}},"50":{"start":{"line":108,"column":4},"end":{"line":110,"column":86}},"51":{"start":{"line":109,"column":20},"end":{"line":109,"column":44}},"52":{"start":{"line":110,"column":22},"end":{"line":110,"column":85}},"53":{"start":{"line":113,"column":0},"end":{"line":125,"column":1}},"54":{"start":{"line":114,"column":21},"end":{"line":114,"column":44}},"55":{"start":{"line":117,"column":4},"end":{"line":119,"column":5}},"56":{"start":{"line":118,"column":8},"end":{"line":118,"column":69}},"57":{"start":{"line":122,"column":4},"end":{"line":124,"column":86}},"58":{"start":{"line":123,"column":20},"end":{"line":123,"column":44}},"59":{"start":{"line":124,"column":22},"end":{"line":124,"column":85}}},"fnMap":{"0":{"name":"(anonymous_0)","decl":{"start":{"line":10,"column":26},"end":{"line":10,"column":27}},"loc":{"start":{"line":10,"column":40},"end":{"line":14,"column":1}},"line":10},"1":{"name":"(anonymous_1)","decl":{"start":{"line":12,"column":14},"end":{"line":12,"column":15}},"loc":{"start":{"line":12,"column":27},"end":{"line":12,"column":56}},"line":12},"2":{"name":"(anonymous_2)","decl":{"start":{"line":13,"column":15},"end":{"line":13,"column":16}},"loc":{"start":{"line":13,"column":22},"end":{"line":13,"column":85}},"line":13},"3":{"name":"(anonymous_3)","decl":{"start":{"line":16,"column":22},"end":{"line":16,"column":23}},"loc":{"start":{"line":16,"column":42},"end":{"line":38,"column":1}},"line":16},"4":{"name":"(anonymous_4)","decl":{"start":{"line":40,"column":22},"end":{"line":40,"column":23}},"loc":{"start":{"line":40,"column":42},"end":{"line":61,"column":1}},"line":40},"5":{"name":"(anonymous_5)","decl":{"start":{"line":63,"column":25},"end":{"line":63,"column":26}},"loc":{"start":{"line":63,"column":45},"end":{"line":84,"column":1}},"line":63},"6":{"name":"(anonymous_6)","decl":{"start":{"line":86,"column":26},"end":{"line":86,"column":27}},"loc":{"start":{"line":86,"column":40},"end":{"line":97,"column":1}},"line":86},"7":{"name":"(anonymous_7)","decl":{"start":{"line":95,"column":14},"end":{"line":95,"column":15}},"loc":{"start":{"line":95,"column":20},"end":{"line":95,"column":44}},"line":95},"8":{"name":"(anonymous_8)","decl":{"start":{"line":96,"column":15},"end":{"line":96,"column":16}},"loc":{"start":{"line":96,"column":22},"end":{"line":96,"column":85}},"line":96},"9":{"name":"(anonymous_9)","decl":{"start":{"line":99,"column":24},"end":{"line":99,"column":25}},"loc":{"start":{"line":99,"column":38},"end":{"line":111,"column":1}},"line":99},"10":{"name":"(anonymous_10)","decl":{"start":{"line":109,"column":14},"end":{"line":109,"column":15}},"loc":{"start":{"line":109,"column":20},"end":{"line":109,"column":44}},"line":109},"11":{"name":"(anonymous_11)","decl":{"start":{"line":110,"column":15},"end":{"line":110,"column":16}},"loc":{"start":{"line":110,"column":22},"end":{"line":110,"column":85}},"line":110},"12":{"name":"(anonymous_12)","decl":{"start":{"line":113,"column":25},"end":{"line":113,"column":26}},"loc":{"start":{"line":113,"column":39},"end":{"line":125,"column":1}},"line":113},"13":{"name":"(anonymous_13)","decl":{"start":{"line":123,"column":14},"end":{"line":123,"column":15}},"loc":{"start":{"line":123,"column":20},"end":{"line":123,"column":44}},"line":123},"14":{"name":"(anonymous_14)","decl":{"start":{"line":124,"column":15},"end":{"line":124,"column":16}},"loc":{"start":{"line":124,"column":22},"end":{"line":124,"column":85}},"line":124}},"branchMap":{"0":{"loc":{"start":{"line":20,"column":4},"end":{"line":22,"column":5}},"type":"if","locations":[{"start":{"line":20,"column":4},"end":{"line":22,"column":5}},{"start":{},"end":{}}],"line":20},"1":{"loc":{"start":{"line":29,"column":8},"end":{"line":31,"column":9}},"type":"if","locations":[{"start":{"line":29,"column":8},"end":{"line":31,"column":9}},{"start":{},"end":{}}],"line":29},"2":{"loc":{"start":{"line":44,"column":4},"end":{"line":46,"column":5}},"type":"if","locations":[{"start":{"line":44,"column":4},"end":{"line":46,"column":5}},{"start":{},"end":{}}],"line":44},"3":{"loc":{"start":{"line":44,"column":8},"end":{"line":44,"column":52}},"type":"binary-expr","locations":[{"start":{"line":44,"column":8},"end":{"line":44,"column":16}},{"start":{"line":44,"column":20},"end":{"line":44,"column":24}},{"start":{"line":44,"column":28},"end":{"line":44,"column":40}},{"start":{"line":44,"column":44},"end":{"line":44,"column":52}}],"line":44},"4":{"loc":{"start":{"line":51,"column":8},"end":{"line":53,"column":9}},"type":"if","locations":[{"start":{"line":51,"column":8},"end":{"line":53,"column":9}},{"start":{},"end":{}}],"line":51},"5":{"loc":{"start":{"line":67,"column":4},"end":{"line":69,"column":5}},"type":"if","locations":[{"start":{"line":67,"column":4},"end":{"line":69,"column":5}},{"start":{},"end":{}}],"line":67},"6":{"loc":{"start":{"line":74,"column":8},"end":{"line":76,"column":9}},"type":"if","locations":[{"start":{"line":74,"column":8},"end":{"line":76,"column":9}},{"start":{},"end":{}}],"line":74},"7":{"loc":{"start":{"line":90,"column":4},"end":{"line":92,"column":5}},"type":"if","locations":[{"start":{"line":90,"column":4},"end":{"line":92,"column":5}},{"start":{},"end":{}}],"line":90},"8":{"loc":{"start":{"line":103,"column":4},"end":{"line":105,"column":5}},"type":"if","locations":[{"start":{"line":103,"column":4},"end":{"line":105,"column":5}},{"start":{},"end":{}}],"line":103},"9":{"loc":{"start":{"line":117,"column":4},"end":{"line":119,"column":5}},"type":"if","locations":[{"start":{"line":117,"column":4},"end":{"line":119,"column":5}},{"start":{},"end":{}}],"line":117}},"s":{"0":3,"1":3,"2":3,"3":3,"4":0,"5":0,"6":0,"7":3,"8":1,"9":1,"10":0,"11":1,"12":1,"13":1,"14":0,"15":1,"16":0,"17":3,"18":3,"19":3,"20":1,"21":2,"22":2,"23":2,"24":1,"25":1,"26":1,"27":0,"28":3,"29":2,"30":2,"31":0,"32":2,"33":2,"34":2,"35":1,"36":1,"37":1,"38":0,"39":3,"40":0,"41":0,"42":0,"43":0,"44":0,"45":0,"46":3,"47":0,"48":0,"49":0,"50":0,"51":0,"52":0,"53":3,"54":1,"55":1,"56":0,"57":1,"58":1,"59":0},"f":{"0":0,"1":0,"2":0,"3":1,"4":3,"5":2,"6":0,"7":0,"8":0,"9":0,"10":0,"11":0,"12":1,"13":1,"14":0},"b":{"0":[0,1],"1":[0,1],"2":[1,2],"3":[3,2,2,2],"4":[1,1],"5":[0,2],"6":[1,1],"7":[0,0],"8":[0,0],"9":[0,1]},"_coverageSchema":"1a1c01bbd47fc00a2c39e90264f33305004495a9","hash":"e64b1ddd569de40fbded42cef904fbd25934b2d3"}
,"/home/florian/cesi/maalsi22/totalcloud/frontale/backend/srv_data/app/controllers/user.js": {"path":"/home/florian/cesi/maalsi22/totalcloud/frontale/backend/srv_data/app/controllers/user.js","statementMap":{"0":{"start":{"line":3,"column":15},"end":{"line":3,"column":32}},"1":{"start":{"line":5,"column":11},"end":{"line":5,"column":34}},"2":{"start":{"line":6,"column":13},"end":{"line":6,"column":20}},"3":{"start":{"line":11,"column":0},"end":{"line":15,"column":1}},"4":{"start":{"line":12,"column":4},"end":{"line":14,"column":86}},"5":{"start":{"line":13,"column":23},"end":{"line":13,"column":48}},"6":{"start":{"line":14,"column":22},"end":{"line":14,"column":85}},"7":{"start":{"line":17,"column":0},"end":{"line":37,"column":1}},"8":{"start":{"line":18,"column":17},"end":{"line":18,"column":40}},"9":{"start":{"line":21,"column":4},"end":{"line":23,"column":5}},"10":{"start":{"line":22,"column":8},"end":{"line":22,"column":67}},"11":{"start":{"line":25,"column":4},"end":{"line":36,"column":5}},"12":{"start":{"line":28,"column":19},"end":{"line":28,"column":63}},"13":{"start":{"line":29,"column":8},"end":{"line":31,"column":9}},"14":{"start":{"line":30,"column":12},"end":{"line":30,"column":82}},"15":{"start":{"line":33,"column":8},"end":{"line":33,"column":39}},"16":{"start":{"line":35,"column":8},"end":{"line":35,"column":78}},"17":{"start":{"line":39,"column":0},"end":{"line":68,"column":1}},"18":{"start":{"line":40,"column":53},"end":{"line":40,"column":61}},"19":{"start":{"line":43,"column":4},"end":{"line":45,"column":5}},"20":{"start":{"line":44,"column":8},"end":{"line":44,"column":64}},"21":{"start":{"line":47,"column":4},"end":{"line":67,"column":5}},"22":{"start":{"line":49,"column":21},"end":{"line":49,"column":79}},"23":{"start":{"line":50,"column":8},"end":{"line":52,"column":9}},"24":{"start":{"line":51,"column":12},"end":{"line":51,"column":88}},"25":{"start":{"line":59,"column":20},"end":{"line":59,"column":47}},"26":{"start":{"line":60,"column":8},"end":{"line":60,"column":77}},"27":{"start":{"line":63,"column":8},"end":{"line":65,"column":9}},"28":{"start":{"line":64,"column":12},"end":{"line":64,"column":75}},"29":{"start":{"line":66,"column":8},"end":{"line":66,"column":74}},"30":{"start":{"line":70,"column":0},"end":{"line":91,"column":1}},"31":{"start":{"line":71,"column":17},"end":{"line":71,"column":40}},"32":{"start":{"line":74,"column":4},"end":{"line":76,"column":5}},"33":{"start":{"line":75,"column":8},"end":{"line":75,"column":69}},"34":{"start":{"line":78,"column":4},"end":{"line":90,"column":5}},"35":{"start":{"line":80,"column":19},"end":{"line":80,"column":72}},"36":{"start":{"line":81,"column":8},"end":{"line":83,"column":9}},"37":{"start":{"line":82,"column":12},"end":{"line":82,"column":81}},"38":{"start":{"line":86,"column":8},"end":{"line":86,"column":59}},"39":{"start":{"line":87,"column":8},"end":{"line":87,"column":51}},"40":{"start":{"line":89,"column":8},"end":{"line":89,"column":78}},"41":{"start":{"line":93,"column":0},"end":{"line":104,"column":1}},"42":{"start":{"line":94,"column":17},"end":{"line":94,"column":40}},"43":{"start":{"line":97,"column":4},"end":{"line":99,"column":5}},"44":{"start":{"line":98,"column":8},"end":{"line":98,"column":69}},"45":{"start":{"line":101,"column":4},"end":{"line":103,"column":86}},"46":{"start":{"line":102,"column":20},"end":{"line":102,"column":44}},"47":{"start":{"line":103,"column":22},"end":{"line":103,"column":85}},"48":{"start":{"line":106,"column":0},"end":{"line":118,"column":1}},"49":{"start":{"line":107,"column":17},"end":{"line":107,"column":40}},"50":{"start":{"line":110,"column":4},"end":{"line":112,"column":5}},"51":{"start":{"line":111,"column":8},"end":{"line":111,"column":69}},"52":{"start":{"line":115,"column":4},"end":{"line":117,"column":86}},"53":{"start":{"line":116,"column":20},"end":{"line":116,"column":44}},"54":{"start":{"line":117,"column":22},"end":{"line":117,"column":85}},"55":{"start":{"line":120,"column":0},"end":{"line":132,"column":1}},"56":{"start":{"line":121,"column":17},"end":{"line":121,"column":40}},"57":{"start":{"line":124,"column":4},"end":{"line":126,"column":5}},"58":{"start":{"line":125,"column":8},"end":{"line":125,"column":69}},"59":{"start":{"line":129,"column":4},"end":{"line":131,"column":86}},"60":{"start":{"line":130,"column":20},"end":{"line":130,"column":44}},"61":{"start":{"line":131,"column":22},"end":{"line":131,"column":85}}},"fnMap":{"0":{"name":"(anonymous_0)","decl":{"start":{"line":11,"column":22},"end":{"line":11,"column":23}},"loc":{"start":{"line":11,"column":36},"end":{"line":15,"column":1}},"line":11},"1":{"name":"(anonymous_1)","decl":{"start":{"line":13,"column":14},"end":{"line":13,"column":15}},"loc":{"start":{"line":13,"column":23},"end":{"line":13,"column":48}},"line":13},"2":{"name":"(anonymous_2)","decl":{"start":{"line":14,"column":15},"end":{"line":14,"column":16}},"loc":{"start":{"line":14,"column":22},"end":{"line":14,"column":85}},"line":14},"3":{"name":"(anonymous_3)","decl":{"start":{"line":17,"column":18},"end":{"line":17,"column":19}},"loc":{"start":{"line":17,"column":38},"end":{"line":37,"column":1}},"line":17},"4":{"name":"(anonymous_4)","decl":{"start":{"line":39,"column":18},"end":{"line":39,"column":19}},"loc":{"start":{"line":39,"column":38},"end":{"line":68,"column":1}},"line":39},"5":{"name":"(anonymous_5)","decl":{"start":{"line":70,"column":21},"end":{"line":70,"column":22}},"loc":{"start":{"line":70,"column":41},"end":{"line":91,"column":1}},"line":70},"6":{"name":"(anonymous_6)","decl":{"start":{"line":93,"column":23},"end":{"line":93,"column":24}},"loc":{"start":{"line":93,"column":37},"end":{"line":104,"column":1}},"line":93},"7":{"name":"(anonymous_7)","decl":{"start":{"line":102,"column":14},"end":{"line":102,"column":15}},"loc":{"start":{"line":102,"column":20},"end":{"line":102,"column":44}},"line":102},"8":{"name":"(anonymous_8)","decl":{"start":{"line":103,"column":15},"end":{"line":103,"column":16}},"loc":{"start":{"line":103,"column":22},"end":{"line":103,"column":85}},"line":103},"9":{"name":"(anonymous_9)","decl":{"start":{"line":106,"column":20},"end":{"line":106,"column":21}},"loc":{"start":{"line":106,"column":34},"end":{"line":118,"column":1}},"line":106},"10":{"name":"(anonymous_10)","decl":{"start":{"line":116,"column":14},"end":{"line":116,"column":15}},"loc":{"start":{"line":116,"column":20},"end":{"line":116,"column":44}},"line":116},"11":{"name":"(anonymous_11)","decl":{"start":{"line":117,"column":15},"end":{"line":117,"column":16}},"loc":{"start":{"line":117,"column":22},"end":{"line":117,"column":85}},"line":117},"12":{"name":"(anonymous_12)","decl":{"start":{"line":120,"column":22},"end":{"line":120,"column":23}},"loc":{"start":{"line":120,"column":36},"end":{"line":132,"column":1}},"line":120},"13":{"name":"(anonymous_13)","decl":{"start":{"line":130,"column":14},"end":{"line":130,"column":15}},"loc":{"start":{"line":130,"column":20},"end":{"line":130,"column":44}},"line":130},"14":{"name":"(anonymous_14)","decl":{"start":{"line":131,"column":15},"end":{"line":131,"column":16}},"loc":{"start":{"line":131,"column":22},"end":{"line":131,"column":85}},"line":131}},"branchMap":{"0":{"loc":{"start":{"line":21,"column":4},"end":{"line":23,"column":5}},"type":"if","locations":[{"start":{"line":21,"column":4},"end":{"line":23,"column":5}},{"start":{},"end":{}}],"line":21},"1":{"loc":{"start":{"line":29,"column":8},"end":{"line":31,"column":9}},"type":"if","locations":[{"start":{"line":29,"column":8},"end":{"line":31,"column":9}},{"start":{},"end":{}}],"line":29},"2":{"loc":{"start":{"line":43,"column":4},"end":{"line":45,"column":5}},"type":"if","locations":[{"start":{"line":43,"column":4},"end":{"line":45,"column":5}},{"start":{},"end":{}}],"line":43},"3":{"loc":{"start":{"line":43,"column":8},"end":{"line":43,"column":57}},"type":"binary-expr","locations":[{"start":{"line":43,"column":8},"end":{"line":43,"column":12}},{"start":{"line":43,"column":16},"end":{"line":43,"column":23}},{"start":{"line":43,"column":27},"end":{"line":43,"column":34}},{"start":{"line":43,"column":38},"end":{"line":43,"column":44}},{"start":{"line":43,"column":48},"end":{"line":43,"column":57}}],"line":43},"4":{"loc":{"start":{"line":50,"column":8},"end":{"line":52,"column":9}},"type":"if","locations":[{"start":{"line":50,"column":8},"end":{"line":52,"column":9}},{"start":{},"end":{}}],"line":50},"5":{"loc":{"start":{"line":63,"column":8},"end":{"line":65,"column":9}},"type":"if","locations":[{"start":{"line":63,"column":8},"end":{"line":65,"column":9}},{"start":{},"end":{}}],"line":63},"6":{"loc":{"start":{"line":74,"column":4},"end":{"line":76,"column":5}},"type":"if","locations":[{"start":{"line":74,"column":4},"end":{"line":76,"column":5}},{"start":{},"end":{}}],"line":74},"7":{"loc":{"start":{"line":81,"column":8},"end":{"line":83,"column":9}},"type":"if","locations":[{"start":{"line":81,"column":8},"end":{"line":83,"column":9}},{"start":{},"end":{}}],"line":81},"8":{"loc":{"start":{"line":97,"column":4},"end":{"line":99,"column":5}},"type":"if","locations":[{"start":{"line":97,"column":4},"end":{"line":99,"column":5}},{"start":{},"end":{}}],"line":97},"9":{"loc":{"start":{"line":110,"column":4},"end":{"line":112,"column":5}},"type":"if","locations":[{"start":{"line":110,"column":4},"end":{"line":112,"column":5}},{"start":{},"end":{}}],"line":110},"10":{"loc":{"start":{"line":124,"column":4},"end":{"line":126,"column":5}},"type":"if","locations":[{"start":{"line":124,"column":4},"end":{"line":126,"column":5}},{"start":{},"end":{}}],"line":124}},"s":{"0":3,"1":3,"2":3,"3":3,"4":0,"5":0,"6":0,"7":3,"8":1,"9":1,"10":0,"11":1,"12":1,"13":1,"14":0,"15":1,"16":0,"17":3,"18":3,"19":3,"20":1,"21":2,"22":2,"23":2,"24":1,"25":1,"26":1,"27":0,"28":0,"29":0,"30":3,"31":2,"32":2,"33":0,"34":2,"35":2,"36":2,"37":1,"38":1,"39":1,"40":0,"41":3,"42":0,"43":0,"44":0,"45":0,"46":0,"47":0,"48":3,"49":0,"50":0,"51":0,"52":0,"53":0,"54":0,"55":3,"56":1,"57":1,"58":0,"59":1,"60":1,"61":0},"f":{"0":0,"1":0,"2":0,"3":1,"4":3,"5":2,"6":0,"7":0,"8":0,"9":0,"10":0,"11":0,"12":1,"13":1,"14":0},"b":{"0":[0,1],"1":[0,1],"2":[1,2],"3":[3,3,2,2,2],"4":[1,1],"5":[0,0],"6":[0,2],"7":[1,1],"8":[0,0],"9":[0,0],"10":[0,1]},"_coverageSchema":"1a1c01bbd47fc00a2c39e90264f33305004495a9","hash":"fc7a6d1363d037c321462be983b6afbeafbd5ec7"}
,"/home/florian/cesi/maalsi22/totalcloud/frontale/backend/srv_data/app/jsonwebtoken/check.js": {"path":"/home/florian/cesi/maalsi22/totalcloud/frontale/backend/srv_data/app/jsonwebtoken/check.js","statementMap":{"0":{"start":{"line":3,"column":12},"end":{"line":3,"column":35}},"1":{"start":{"line":7,"column":22},"end":{"line":18,"column":1}},"2":{"start":{"line":9,"column":4},"end":{"line":11,"column":5}},"3":{"start":{"line":10,"column":8},"end":{"line":10,"column":20}},"4":{"start":{"line":14,"column":20},"end":{"line":14,"column":60}},"5":{"start":{"line":16,"column":4},"end":{"line":16,"column":32}},"6":{"start":{"line":23,"column":29},"end":{"line":39,"column":1}},"7":{"start":{"line":25,"column":18},"end":{"line":25,"column":87}},"8":{"start":{"line":27,"column":4},"end":{"line":29,"column":5}},"9":{"start":{"line":28,"column":8},"end":{"line":28,"column":72}},"10":{"start":{"line":32,"column":4},"end":{"line":38,"column":6}},"11":{"start":{"line":33,"column":8},"end":{"line":35,"column":9}},"12":{"start":{"line":34,"column":12},"end":{"line":34,"column":63}},"13":{"start":{"line":37,"column":8},"end":{"line":37,"column":14}},"14":{"start":{"line":41,"column":0},"end":{"line":41,"column":37}}},"fnMap":{"0":{"name":"(anonymous_0)","decl":{"start":{"line":7,"column":22},"end":{"line":7,"column":23}},"loc":{"start":{"line":7,"column":39},"end":{"line":18,"column":1}},"line":7},"1":{"name":"(anonymous_1)","decl":{"start":{"line":23,"column":29},"end":{"line":23,"column":30}},"loc":{"start":{"line":23,"column":49},"end":{"line":39,"column":1}},"line":23},"2":{"name":"(anonymous_2)","decl":{"start":{"line":32,"column":46},"end":{"line":32,"column":47}},"loc":{"start":{"line":32,"column":69},"end":{"line":38,"column":5}},"line":32}},"branchMap":{"0":{"loc":{"start":{"line":9,"column":4},"end":{"line":11,"column":5}},"type":"if","locations":[{"start":{"line":9,"column":4},"end":{"line":11,"column":5}},{"start":{},"end":{}}],"line":9},"1":{"loc":{"start":{"line":16,"column":11},"end":{"line":16,"column":32}},"type":"binary-expr","locations":[{"start":{"line":16,"column":11},"end":{"line":16,"column":18}},{"start":{"line":16,"column":22},"end":{"line":16,"column":32}}],"line":16},"2":{"loc":{"start":{"line":25,"column":18},"end":{"line":25,"column":87}},"type":"binary-expr","locations":[{"start":{"line":25,"column":18},"end":{"line":25,"column":43}},{"start":{"line":25,"column":47},"end":{"line":25,"column":87}}],"line":25},"3":{"loc":{"start":{"line":27,"column":4},"end":{"line":29,"column":5}},"type":"if","locations":[{"start":{"line":27,"column":4},"end":{"line":29,"column":5}},{"start":{},"end":{}}],"line":27},"4":{"loc":{"start":{"line":33,"column":8},"end":{"line":35,"column":9}},"type":"if","locations":[{"start":{"line":33,"column":8},"end":{"line":35,"column":9}},{"start":{},"end":{}}],"line":33}},"s":{"0":3,"1":3,"2":6,"3":0,"4":6,"5":6,"6":3,"7":6,"8":6,"9":0,"10":6,"11":6,"12":0,"13":6,"14":3},"f":{"0":6,"1":6,"2":6},"b":{"0":[0,6],"1":[6,6],"2":[6,6],"3":[0,6],"4":[0,6]},"_coverageSchema":"1a1c01bbd47fc00a2c39e90264f33305004495a9","hash":"f793cf22fa10fe07f1b737349034821f25700582"}
,"/home/florian/cesi/maalsi22/totalcloud/frontale/backend/srv_data/app/models/cocktail.js": {"path":"/home/florian/cesi/maalsi22/totalcloud/frontale/backend/srv_data/app/models/cocktail.js","statementMap":{"0":{"start":{"line":3,"column":22},"end":{"line":3,"column":42}},"1":{"start":{"line":7,"column":0},"end":{"line":34,"column":1}},"2":{"start":{"line":8,"column":4},"end":{"line":33,"column":26}}},"fnMap":{"0":{"name":"(anonymous_0)","decl":{"start":{"line":7,"column":17},"end":{"line":7,"column":18}},"loc":{"start":{"line":7,"column":32},"end":{"line":34,"column":1}},"line":7}},"branchMap":{},"s":{"0":3,"1":3,"2":3},"f":{"0":3},"b":{},"_coverageSchema":"1a1c01bbd47fc00a2c39e90264f33305004495a9","hash":"e9fd4d1482b55b21f9f34d2413a81e803309e462"}
,"/home/florian/cesi/maalsi22/totalcloud/frontale/backend/srv_data/app/models/user.js": {"path":"/home/florian/cesi/maalsi22/totalcloud/frontale/backend/srv_data/app/models/user.js","statementMap":{"0":{"start":{"line":3,"column":22},"end":{"line":3,"column":42}},"1":{"start":{"line":4,"column":15},"end":{"line":4,"column":32}},"2":{"start":{"line":8,"column":0},"end":{"line":52,"column":1}},"3":{"start":{"line":9,"column":17},"end":{"line":40,"column":26}},"4":{"start":{"line":42,"column":4},"end":{"line":45,"column":6}},"5":{"start":{"line":43,"column":19},"end":{"line":43,"column":92}},"6":{"start":{"line":44,"column":8},"end":{"line":44,"column":28}},"7":{"start":{"line":47,"column":4},"end":{"line":49,"column":5}},"8":{"start":{"line":48,"column":8},"end":{"line":48,"column":55}},"9":{"start":{"line":51,"column":4},"end":{"line":51,"column":15}}},"fnMap":{"0":{"name":"(anonymous_0)","decl":{"start":{"line":8,"column":17},"end":{"line":8,"column":18}},"loc":{"start":{"line":8,"column":32},"end":{"line":52,"column":1}},"line":8},"1":{"name":"(anonymous_1)","decl":{"start":{"line":42,"column":23},"end":{"line":42,"column":24}},"loc":{"start":{"line":42,"column":48},"end":{"line":45,"column":5}},"line":42},"2":{"name":"(anonymous_2)","decl":{"start":{"line":47,"column":25},"end":{"line":47,"column":26}},"loc":{"start":{"line":47,"column":55},"end":{"line":49,"column":5}},"line":47}},"branchMap":{},"s":{"0":3,"1":3,"2":3,"3":3,"4":3,"5":1,"6":1,"7":3,"8":0,"9":3},"f":{"0":3,"1":1,"2":0},"b":{},"_coverageSchema":"1a1c01bbd47fc00a2c39e90264f33305004495a9","hash":"60a6b01cb223f8af9d5083028fd340af8c0c4a04"}
,"/home/florian/cesi/maalsi22/totalcloud/frontale/backend/srv_data/app/routes/cocktails.js": {"path":"/home/florian/cesi/maalsi22/totalcloud/frontale/backend/srv_data/app/routes/cocktails.js","statementMap":{"0":{"start":{"line":3,"column":16},"end":{"line":3,"column":34}},"1":{"start":{"line":4,"column":29},"end":{"line":4,"column":61}},"2":{"start":{"line":5,"column":21},"end":{"line":5,"column":55}},"3":{"start":{"line":9,"column":13},"end":{"line":9,"column":29}},"4":{"start":{"line":13,"column":0},"end":{"line":17,"column":2}},"5":{"start":{"line":14,"column":18},"end":{"line":14,"column":28}},"6":{"start":{"line":15,"column":4},"end":{"line":15,"column":51}},"7":{"start":{"line":16,"column":4},"end":{"line":16,"column":10}},"8":{"start":{"line":22,"column":0},"end":{"line":22,"column":44}},"9":{"start":{"line":24,"column":0},"end":{"line":24,"column":44}},"10":{"start":{"line":26,"column":0},"end":{"line":26,"column":62}},"11":{"start":{"line":28,"column":0},"end":{"line":28,"column":71}},"12":{"start":{"line":30,"column":0},"end":{"line":30,"column":79}},"13":{"start":{"line":32,"column":0},"end":{"line":32,"column":77}},"14":{"start":{"line":34,"column":0},"end":{"line":34,"column":72}},"15":{"start":{"line":36,"column":0},"end":{"line":36,"column":23}}},"fnMap":{"0":{"name":"(anonymous_0)","decl":{"start":{"line":13,"column":12},"end":{"line":13,"column":13}},"loc":{"start":{"line":13,"column":32},"end":{"line":17,"column":1}},"line":13}},"branchMap":{},"s":{"0":3,"1":3,"2":3,"3":3,"4":3,"5":7,"6":7,"7":7,"8":3,"9":3,"10":3,"11":3,"12":3,"13":3,"14":3,"15":3},"f":{"0":7},"b":{},"_coverageSchema":"1a1c01bbd47fc00a2c39e90264f33305004495a9","hash":"e5506837520d51ab4aad23e1ed336a561d82b207"}
,"/home/florian/cesi/maalsi22/totalcloud/frontale/backend/srv_data/app/routes/users.js": {"path":"/home/florian/cesi/maalsi22/totalcloud/frontale/backend/srv_data/app/routes/users.js","statementMap":{"0":{"start":{"line":3,"column":16},"end":{"line":3,"column":34}},"1":{"start":{"line":4,"column":17},"end":{"line":4,"column":47}},"2":{"start":{"line":8,"column":13},"end":{"line":8,"column":29}},"3":{"start":{"line":12,"column":0},"end":{"line":16,"column":2}},"4":{"start":{"line":13,"column":18},"end":{"line":13,"column":28}},"5":{"start":{"line":14,"column":4},"end":{"line":14,"column":47}},"6":{"start":{"line":15,"column":4},"end":{"line":15,"column":10}},"7":{"start":{"line":22,"column":0},"end":{"line":22,"column":37}},"8":{"start":{"line":24,"column":0},"end":{"line":24,"column":36}},"9":{"start":{"line":26,"column":0},"end":{"line":26,"column":32}},"10":{"start":{"line":28,"column":0},"end":{"line":28,"column":41}},"11":{"start":{"line":30,"column":0},"end":{"line":30,"column":49}},"12":{"start":{"line":32,"column":0},"end":{"line":32,"column":47}},"13":{"start":{"line":34,"column":0},"end":{"line":34,"column":42}},"14":{"start":{"line":36,"column":0},"end":{"line":36,"column":23}}},"fnMap":{"0":{"name":"(anonymous_0)","decl":{"start":{"line":12,"column":12},"end":{"line":12,"column":13}},"loc":{"start":{"line":12,"column":32},"end":{"line":16,"column":1}},"line":12}},"branchMap":{},"s":{"0":3,"1":3,"2":3,"3":3,"4":7,"5":7,"6":7,"7":3,"8":3,"9":3,"10":3,"11":3,"12":3,"13":3,"14":3},"f":{"0":7},"b":{},"_coverageSchema":"1a1c01bbd47fc00a2c39e90264f33305004495a9","hash":"c3e009b7c60223f60b32b8db1de8f246c67c4fe9"}
}
