TN:
SF:app/api.js
FN:22,(anonymous_0)
FN:27,(anonymous_1)
FNF:2
FNH:2
FNDA:1,(anonymous_0)
FNDA:2,(anonymous_1)
DA:2,3
DA:3,3
DA:6,3
DA:8,3
DA:14,3
DA:15,3
DA:18,3
DA:19,3
DA:22,3
DA:24,3
DA:25,3
DA:27,3
DA:30,3
LF:13
LH:13
BRF:0
BRH:0
end_of_record
TN:
SF:app/db.config.js
FNF:0
FNH:0
DA:3,3
DA:7,3
DA:17,3
DA:19,3
DA:20,3
DA:21,3
DA:23,3
DA:24,3
DA:34,3
LF:9
LH:9
BRF:0
BRH:0
end_of_record
TN:
SF:app/controllers/cocktail.js
FN:10,(anonymous_0)
FN:12,(anonymous_1)
FN:13,(anonymous_2)
FN:16,(anonymous_3)
FN:40,(anonymous_4)
FN:63,(anonymous_5)
FN:86,(anonymous_6)
FN:95,(anonymous_7)
FN:96,(anonymous_8)
FN:99,(anonymous_9)
FN:109,(anonymous_10)
FN:110,(anonymous_11)
FN:113,(anonymous_12)
FN:123,(anonymous_13)
FN:124,(anonymous_14)
FNF:15
FNH:5
FNDA:0,(anonymous_0)
FNDA:0,(anonymous_1)
FNDA:0,(anonymous_2)
FNDA:1,(anonymous_3)
FNDA:3,(anonymous_4)
FNDA:2,(anonymous_5)
FNDA:0,(anonymous_6)
FNDA:0,(anonymous_7)
FNDA:0,(anonymous_8)
FNDA:0,(anonymous_9)
FNDA:0,(anonymous_10)
FNDA:0,(anonymous_11)
FNDA:1,(anonymous_12)
FNDA:1,(anonymous_13)
FNDA:0,(anonymous_14)
DA:3,3
DA:4,3
DA:5,3
DA:10,3
DA:11,0
DA:12,0
DA:13,0
DA:16,3
DA:17,1
DA:20,1
DA:21,0
DA:24,1
DA:26,1
DA:29,1
DA:30,0
DA:34,1
DA:36,0
DA:40,3
DA:41,3
DA:44,3
DA:45,1
DA:48,2
DA:50,2
DA:51,2
DA:52,1
DA:56,1
DA:57,1
DA:59,0
DA:63,3
DA:64,2
DA:67,2
DA:68,0
DA:71,2
DA:73,2
DA:74,2
DA:75,1
DA:79,1
DA:80,1
DA:82,0
DA:86,3
DA:87,0
DA:90,0
DA:91,0
DA:94,0
DA:95,0
DA:96,0
DA:99,3
DA:100,0
DA:103,0
DA:104,0
DA:108,0
DA:109,0
DA:110,0
DA:113,3
DA:114,1
DA:117,1
DA:118,0
DA:122,1
DA:123,1
DA:124,0
LF:60
LH:37
BRDA:20,0,0,0
BRDA:20,0,1,1
BRDA:29,1,0,0
BRDA:29,1,1,1
BRDA:44,2,0,1
BRDA:44,2,1,2
BRDA:44,3,0,3
BRDA:44,3,1,2
BRDA:44,3,2,2
BRDA:44,3,3,2
BRDA:51,4,0,1
BRDA:51,4,1,1
BRDA:67,5,0,0
BRDA:67,5,1,2
BRDA:74,6,0,1
BRDA:74,6,1,1
BRDA:90,7,0,0
BRDA:90,7,1,0
BRDA:103,8,0,0
BRDA:103,8,1,0
BRDA:117,9,0,0
BRDA:117,9,1,1
BRF:22
BRH:14
end_of_record
TN:
SF:app/controllers/user.js
FN:11,(anonymous_0)
FN:13,(anonymous_1)
FN:14,(anonymous_2)
FN:17,(anonymous_3)
FN:39,(anonymous_4)
FN:70,(anonymous_5)
FN:93,(anonymous_6)
FN:102,(anonymous_7)
FN:103,(anonymous_8)
FN:106,(anonymous_9)
FN:116,(anonymous_10)
FN:117,(anonymous_11)
FN:120,(anonymous_12)
FN:130,(anonymous_13)
FN:131,(anonymous_14)
FNF:15
FNH:5
FNDA:0,(anonymous_0)
FNDA:0,(anonymous_1)
FNDA:0,(anonymous_2)
FNDA:1,(anonymous_3)
FNDA:3,(anonymous_4)
FNDA:2,(anonymous_5)
FNDA:0,(anonymous_6)
FNDA:0,(anonymous_7)
FNDA:0,(anonymous_8)
FNDA:0,(anonymous_9)
FNDA:0,(anonymous_10)
FNDA:0,(anonymous_11)
FNDA:1,(anonymous_12)
FNDA:1,(anonymous_13)
FNDA:0,(anonymous_14)
DA:3,3
DA:5,3
DA:6,3
DA:11,3
DA:12,0
DA:13,0
DA:14,0
DA:17,3
DA:18,1
DA:21,1
DA:22,0
DA:25,1
DA:28,1
DA:29,1
DA:30,0
DA:33,1
DA:35,0
DA:39,3
DA:40,3
DA:43,3
DA:44,1
DA:47,2
DA:49,2
DA:50,2
DA:51,1
DA:59,1
DA:60,1
DA:63,0
DA:64,0
DA:66,0
DA:70,3
DA:71,2
DA:74,2
DA:75,0
DA:78,2
DA:80,2
DA:81,2
DA:82,1
DA:86,1
DA:87,1
DA:89,0
DA:93,3
DA:94,0
DA:97,0
DA:98,0
DA:101,0
DA:102,0
DA:103,0
DA:106,3
DA:107,0
DA:110,0
DA:111,0
DA:115,0
DA:116,0
DA:117,0
DA:120,3
DA:121,1
DA:124,1
DA:125,0
DA:129,1
DA:130,1
DA:131,0
LF:62
LH:37
BRDA:21,0,0,0
BRDA:21,0,1,1
BRDA:29,1,0,0
BRDA:29,1,1,1
BRDA:43,2,0,1
BRDA:43,2,1,2
BRDA:43,3,0,3
BRDA:43,3,1,3
BRDA:43,3,2,2
BRDA:43,3,3,2
BRDA:43,3,4,2
BRDA:50,4,0,1
BRDA:50,4,1,1
BRDA:63,5,0,0
BRDA:63,5,1,0
BRDA:74,6,0,0
BRDA:74,6,1,2
BRDA:81,7,0,1
BRDA:81,7,1,1
BRDA:97,8,0,0
BRDA:97,8,1,0
BRDA:110,9,0,0
BRDA:110,9,1,0
BRDA:124,10,0,0
BRDA:124,10,1,1
BRF:25
BRH:15
end_of_record
TN:
SF:app/jsonwebtoken/check.js
FN:7,(anonymous_0)
FN:23,(anonymous_1)
FN:32,(anonymous_2)
FNF:3
FNH:3
FNDA:6,(anonymous_0)
FNDA:6,(anonymous_1)
FNDA:6,(anonymous_2)
DA:3,3
DA:7,3
DA:9,6
DA:10,0
DA:14,6
DA:16,6
DA:23,3
DA:25,6
DA:27,6
DA:28,0
DA:32,6
DA:33,6
DA:34,0
DA:37,6
DA:41,3
LF:15
LH:12
BRDA:9,0,0,0
BRDA:9,0,1,6
BRDA:16,1,0,6
BRDA:16,1,1,6
BRDA:25,2,0,6
BRDA:25,2,1,6
BRDA:27,3,0,0
BRDA:27,3,1,6
BRDA:33,4,0,0
BRDA:33,4,1,6
BRF:10
BRH:7
end_of_record
TN:
SF:app/models/cocktail.js
FN:7,(anonymous_0)
FNF:1
FNH:1
FNDA:3,(anonymous_0)
DA:3,3
DA:7,3
DA:8,3
LF:3
LH:3
BRF:0
BRH:0
end_of_record
TN:
SF:app/models/user.js
FN:8,(anonymous_0)
FN:42,(anonymous_1)
FN:47,(anonymous_2)
FNF:3
FNH:2
FNDA:3,(anonymous_0)
FNDA:1,(anonymous_1)
FNDA:0,(anonymous_2)
DA:3,3
DA:4,3
DA:8,3
DA:9,3
DA:42,3
DA:43,1
DA:44,1
DA:47,3
DA:48,0
DA:51,3
LF:10
LH:9
BRF:0
BRH:0
end_of_record
TN:
SF:app/routes/cocktails.js
FN:13,(anonymous_0)
FNF:1
FNH:1
FNDA:7,(anonymous_0)
DA:3,3
DA:4,3
DA:5,3
DA:9,3
DA:13,3
DA:14,7
DA:15,7
DA:16,7
DA:22,3
DA:24,3
DA:26,3
DA:28,3
DA:30,3
DA:32,3
DA:34,3
DA:36,3
LF:16
LH:16
BRF:0
BRH:0
end_of_record
TN:
SF:app/routes/users.js
FN:12,(anonymous_0)
FNF:1
FNH:1
FNDA:7,(anonymous_0)
DA:3,3
DA:4,3
DA:8,3
DA:12,3
DA:13,7
DA:14,7
DA:15,7
DA:22,3
DA:24,3
DA:26,3
DA:28,3
DA:30,3
DA:32,3
DA:34,3
DA:36,3
LF:15
LH:15
BRF:0
BRH:0
end_of_record
